[01m[K/home/aclab/Desktop/ROS-VR/catkin_ws/src/can_control/src/main.cpp:[m[K In function â€˜[01m[Kvoid VRcontrolCallback(const ConstPtr&)[m[Kâ€™:
[01m[K/home/aclab/Desktop/ROS-VR/catkin_ws/src/can_control/src/main.cpp:76:36:[m[K [01;31m[Kerror: [m[Kâ€˜[01m[Kvel[m[Kâ€™ was not declared in this scope
   76 |         m.value = it->second[id] * [01;31m[Kvel[m[K;
      |                                    [01;31m[K^~~[m[K
make[2]: *** [CMakeFiles/main.dir/build.make:63: CMakeFiles/main.dir/src/main.cpp.o] Error 1
make[1]: *** [CMakeFiles/Makefile2:194: CMakeFiles/main.dir/all] Error 2
make: *** [Makefile:141: all] Error 2
