[  0%] Built target _can_control_generate_messages_check_deps_EncoderEstimates
[  0%] Built target std_msgs_generate_messages_eus
[  0%] Built target _can_control_generate_messages_check_deps_MecanumControl
[  0%] Built target std_msgs_generate_messages_py
[  0%] Built target std_msgs_generate_messages_nodejs
[  0%] Built target rosgraph_msgs_generate_messages_eus
[  0%] Built target rosgraph_msgs_generate_messages_cpp
[  0%] Built target roscpp_generate_messages_nodejs
[  0%] Built target roscpp_generate_messages_cpp
[  0%] Built target roscpp_generate_messages_eus
[  0%] Built target roscpp_generate_messages_py
[  0%] Built target rosgraph_msgs_generate_messages_lisp
[  0%] Built target std_msgs_generate_messages_lisp
[  0%] Built target roscpp_generate_messages_lisp
[  0%] Built target rosgraph_msgs_generate_messages_nodejs
[  0%] Built target std_msgs_generate_messages_cpp
[ 17%] Built target can_control_generate_messages_eus
[ 17%] Built target rosgraph_msgs_generate_messages_py
[ 35%] Built target can_control_generate_messages_py
[ 47%] Built target can_control_generate_messages_nodejs
[ 58%] Built target can_control_generate_messages_lisp
[ 70%] Built target can_control_generate_messages_cpp
[35m[1mScanning dependencies of target drivetrain[0m
[ 70%] Built target can_control_generate_messages
[ 76%] [32mBuilding CXX object CMakeFiles/drivetrain.dir/src/ctrl_manual.cpp.o[0m
[ 82%] [32m[1mLinking CXX executable /home/aclab/Desktop/ROS-VR/catkin_ws/devel/.private/can_control/lib/can_control/drivetrain[0m
/usr/bin/ld: CMakeFiles/drivetrain.dir/src/ctrl_manual.cpp.o: in function `main':
ctrl_manual.cpp:(.text+0x1f): multiple definition of `main'; CMakeFiles/drivetrain.dir/src/drivetrain.cpp.o:drivetrain.cpp:(.text+0x1f): first defined here
collect2: error: ld returned 1 exit status
make[2]: *** [CMakeFiles/drivetrain.dir/build.make:146: /home/aclab/Desktop/ROS-VR/catkin_ws/devel/.private/can_control/lib/can_control/drivetrain] Error 1
make[1]: *** [CMakeFiles/Makefile2:188: CMakeFiles/drivetrain.dir/all] Error 2
make: *** [Makefile:141: all] Error 2
