[  0%] Built target std_msgs_generate_messages_eus
[  0%] Built target rosgraph_msgs_generate_messages_eus
[  0%] Built target std_msgs_generate_messages_py
[  0%] Built target std_msgs_generate_messages_nodejs
[  0%] Built target roscpp_generate_messages_eus
[  0%] Built target rosgraph_msgs_generate_messages_cpp
[  0%] Built target roscpp_generate_messages_nodejs
[  0%] Built target roscpp_generate_messages_cpp
[  0%] Built target _can_control_generate_messages_check_deps_EncoderEstimates
[  0%] Built target roscpp_generate_messages_py
[  0%] Built target _can_control_generate_messages_check_deps_MecanumControl
[  0%] Built target roscpp_generate_messages_lisp
[  0%] Built target rosgraph_msgs_generate_messages_lisp
[  0%] Built target rosgraph_msgs_generate_messages_nodejs
[  0%] Built target std_msgs_generate_messages_lisp
[  0%] Built target std_msgs_generate_messages_cpp
[  0%] Built target rosgraph_msgs_generate_messages_py
[ 33%] Built target can_control_generate_messages_py
[ 44%] Built target can_control_generate_messages_nodejs
[ 44%] Built target can_control_generate_messages_eus
[ 55%] Built target can_control_generate_messages_lisp
[ 66%] Built target can_control_generate_messages_cpp
[35m[1mScanning dependencies of target drivetrain[0m
[ 72%] [32mBuilding CXX object CMakeFiles/ctrl_manual.dir/src/ctrl_manual.cpp.o[0m
[ 72%] Built target can_control_generate_messages
[ 77%] [32mBuilding CXX object CMakeFiles/drivetrain.dir/src/drivetrain.cpp.o[0m
[01m[K/home/aclab/Desktop/ROS-VR/catkin_ws/src/can_control/src/ctrl_manual.cpp:[m[K In function â€˜[01m[Kint main(int, char**)[m[Kâ€™:
[01m[K/home/aclab/Desktop/ROS-VR/catkin_ws/src/can_control/src/ctrl_manual.cpp:29:13:[m[K [01;31m[Kerror: [m[Kâ€˜[01m[KMecanumControl[m[Kâ€™ was not declared in this scope; did you mean â€˜[01m[Kcan_control::MecanumControl[m[Kâ€™?
   29 |             [01;31m[KMecanumControl[m[K msg;
      |             [01;31m[K^~~~~~~~~~~~~~[m[K
      |             [32m[Kcan_control::MecanumControl[m[K
In file included from [01m[K/home/aclab/Desktop/ROS-VR/catkin_ws/src/can_control/src/ctrl_manual.cpp:2[m[K:
[01m[K/home/aclab/Desktop/ROS-VR/catkin_ws/devel/.private/can_control/include/can_control/MecanumControl.h:86:63:[m[K [01;36m[Knote: [m[Kâ€˜[01m[Kcan_control::MecanumControl[m[Kâ€™ declared here
   86 | typedef ::can_control::MecanumControl_<std::allocator<void> > [01;36m[KMecanumControl[m[K;
      |                                                               [01;36m[K^~~~~~~~~~~~~~[m[K
[01m[K/home/aclab/Desktop/ROS-VR/catkin_ws/src/can_control/src/ctrl_manual.cpp:30:13:[m[K [01;31m[Kerror: [m[Kâ€˜[01m[Kmsg[m[Kâ€™ was not declared in this scope
   30 |             [01;31m[Kmsg[m[K.device_id = id;
      |             [01;31m[K^~~[m[K
[01m[K/home/aclab/Desktop/ROS-VR/catkin_ws/src/can_control/src/ctrl_manual.cpp:39:28:[m[K [01;31m[Kerror: [m[Kâ€˜[01m[KMecanumControl[m[Kâ€™ is not a class, namespace, or enumeration
   39 |                 msg.mode = [01;31m[KMecanumControl[m[K::MODE_SET_TARGET;
      |                            [01;31m[K^~~~~~~~~~~~~~[m[K
[01m[K/home/aclab/Desktop/ROS-VR/catkin_ws/src/can_control/src/ctrl_manual.cpp:46:32:[m[K [01;31m[Kerror: [m[Kâ€˜[01m[KMecanumControl[m[Kâ€™ is not a class, namespace, or enumeration
   46 |                     msg.mode = [01;31m[KMecanumControl[m[K::MODE_CALIB;
      |                                [01;31m[K^~~~~~~~~~~~~~[m[K
[01m[K/home/aclab/Desktop/ROS-VR/catkin_ws/src/can_control/src/ctrl_manual.cpp:48:32:[m[K [01;31m[Kerror: [m[Kâ€˜[01m[KMecanumControl[m[Kâ€™ is not a class, namespace, or enumeration
   48 |                     msg.mode = [01;31m[KMecanumControl[m[K::MODE_IDLE;
      |                                [01;31m[K^~~~~~~~~~~~~~[m[K
[01m[K/home/aclab/Desktop/ROS-VR/catkin_ws/src/can_control/src/ctrl_manual.cpp:50:32:[m[K [01;31m[Kerror: [m[Kâ€˜[01m[KMecanumControl[m[Kâ€™ is not a class, namespace, or enumeration
   50 |                     msg.mode = [01;31m[KMecanumControl[m[K::MODE_CLOSE_LOOP;
      |                                [01;31m[K^~~~~~~~~~~~~~[m[K
[01m[K/home/aclab/Desktop/ROS-VR/catkin_ws/src/can_control/src/ctrl_manual.cpp:52:32:[m[K [01;31m[Kerror: [m[Kâ€˜[01m[KMecanumControl[m[Kâ€™ is not a class, namespace, or enumeration
   52 |                     msg.mode = [01;31m[KMecanumControl[m[K::MODE_CLEAR_ERROR;
      |                                [01;31m[K^~~~~~~~~~~~~~[m[K
make[2]: *** [CMakeFiles/ctrl_manual.dir/build.make:63: CMakeFiles/ctrl_manual.dir/src/ctrl_manual.cpp.o] Error 1
make[1]: *** [CMakeFiles/Makefile2:190: CMakeFiles/ctrl_manual.dir/all] Error 2
make[1]: *** Waiting for unfinished jobs....
[ 83%] [32m[1mLinking CXX executable /home/aclab/Desktop/ROS-VR/catkin_ws/devel/.private/can_control/lib/can_control/drivetrain[0m
[ 94%] Built target drivetrain
make: *** [Makefile:141: all] Error 2
