[  0%] Built target std_msgs_generate_messages_eus
[  0%] Built target std_msgs_generate_messages_nodejs
[  0%] Built target std_msgs_generate_messages_py
[  0%] Built target rosgraph_msgs_generate_messages_eus
[  0%] Built target rosgraph_msgs_generate_messages_cpp
[  0%] Built target roscpp_generate_messages_nodejs
[  0%] Built target roscpp_generate_messages_eus
[  0%] Built target _can_control_generate_messages_check_deps_MecanumControl
[  0%] Built target roscpp_generate_messages_cpp
[  0%] Built target _can_control_generate_messages_check_deps_EncoderEstimates
[  0%] Built target roscpp_generate_messages_py
[  0%] Built target roscpp_generate_messages_lisp
[  0%] Built target rosgraph_msgs_generate_messages_lisp
[  0%] Built target rosgraph_msgs_generate_messages_nodejs
[  0%] Built target std_msgs_generate_messages_lisp
[  0%] Built target std_msgs_generate_messages_cpp
[  0%] Built target rosgraph_msgs_generate_messages_py
[ 13%] Built target can_control_generate_messages_py
[ 27%] Built target can_control_generate_messages_eus
[ 45%] Built target can_control_generate_messages_cpp
[ 45%] Built target can_control_generate_messages_lisp
[ 54%] Built target can_control_generate_messages_nodejs
[35m[1mScanning dependencies of target main[0m
[ 54%] Built target can_control_generate_messages
[ 59%] [32mBuilding CXX object CMakeFiles/main.dir/src/main.cpp.o[0m
[ 77%] Built target drivetrain
[ 86%] Built target ctrl_auto
[ 95%] Built target ctrl_manual
[01m[K/home/aclab/Desktop/ROS-VR/catkin_ws/src/can_control/src/main.cpp:[m[K In function â€˜[01m[Kvoid twistMessage(const Twist&)[m[Kâ€™:
[01m[K/home/aclab/Desktop/ROS-VR/catkin_ws/src/can_control/src/main.cpp:78:22:[m[K [01;31m[Kerror: [m[Kâ€˜[01m[Kconst Twist[m[Kâ€™ {aka â€˜[01m[Kconst struct geometry_msgs::Twist_<std::allocator<void> >[m[Kâ€™} has no member named â€˜[01m[Kdata[m[Kâ€™
   78 |     std::cout << msg.[01;31m[Kdata[m[K;
      |                      [01;31m[K^~~~[m[K
make[2]: *** [CMakeFiles/main.dir/build.make:63: CMakeFiles/main.dir/src/main.cpp.o] Error 1
make[1]: *** [CMakeFiles/Makefile2:194: CMakeFiles/main.dir/all] Error 2
make: *** [Makefile:141: all] Error 2
