In file included from [01m[K/home/aclab/Desktop/ROS-VR/catkin_ws/src/can_control/src/main.cpp:10[m[K:
[01m[K/home/aclab/Desktop/ROS-VR/catkin_ws/src/can_control/src/Robot/Robot.h:59:2:[m[K [01;31m[Kerror: [m[Kexpected â€˜[01m[K;[m[Kâ€™ after class definition
   59 | }
      |  [01;31m[K^[m[K
      |  [32m[K;[m[K
make[2]: *** [CMakeFiles/main.dir/build.make:63: CMakeFiles/main.dir/src/main.cpp.o] Error 1
make[1]: *** [CMakeFiles/Makefile2:194: CMakeFiles/main.dir/all] Error 2
make: *** [Makefile:141: all] Error 2
