[01m[K/home/aclab/Desktop/ROS-VR/catkin_ws/src/can_control/src/ctrl_manual.cpp:[m[K In function â€˜[01m[Kint main(int, char**)[m[Kâ€™:
[01m[K/home/aclab/Desktop/ROS-VR/catkin_ws/src/can_control/src/ctrl_manual.cpp:29:13:[m[K [01;31m[Kerror: [m[Kâ€˜[01m[KMecanumControl[m[Kâ€™ was not declared in this scope; did you mean â€˜[01m[Kcan_control::MecanumControl[m[Kâ€™?
   29 |             [01;31m[KMecanumControl[m[K msg;
      |             [01;31m[K^~~~~~~~~~~~~~[m[K
      |             [32m[Kcan_control::MecanumControl[m[K
In file included from [01m[K/home/aclab/Desktop/ROS-VR/catkin_ws/src/can_control/src/ctrl_manual.cpp:2[m[K:
[01m[K/home/aclab/Desktop/ROS-VR/catkin_ws/devel/.private/can_control/include/can_control/MecanumControl.h:86:63:[m[K [01;36m[Knote: [m[Kâ€˜[01m[Kcan_control::MecanumControl[m[Kâ€™ declared here
   86 | typedef ::can_control::MecanumControl_<std::allocator<void> > [01;36m[KMecanumControl[m[K;
      |                                                               [01;36m[K^~~~~~~~~~~~~~[m[K
[01m[K/home/aclab/Desktop/ROS-VR/catkin_ws/src/can_control/src/ctrl_manual.cpp:30:13:[m[K [01;31m[Kerror: [m[Kâ€˜[01m[Kmsg[m[Kâ€™ was not declared in this scope
   30 |             [01;31m[Kmsg[m[K.device_id = id;
      |             [01;31m[K^~~[m[K
[01m[K/home/aclab/Desktop/ROS-VR/catkin_ws/src/can_control/src/ctrl_manual.cpp:39:28:[m[K [01;31m[Kerror: [m[Kâ€˜[01m[KMecanumControl[m[Kâ€™ is not a class, namespace, or enumeration
   39 |                 msg.mode = [01;31m[KMecanumControl[m[K::MODE_SET_TARGET;
      |                            [01;31m[K^~~~~~~~~~~~~~[m[K
[01m[K/home/aclab/Desktop/ROS-VR/catkin_ws/src/can_control/src/ctrl_manual.cpp:46:32:[m[K [01;31m[Kerror: [m[Kâ€˜[01m[KMecanumControl[m[Kâ€™ is not a class, namespace, or enumeration
   46 |                     msg.mode = [01;31m[KMecanumControl[m[K::MODE_CALIB;
      |                                [01;31m[K^~~~~~~~~~~~~~[m[K
[01m[K/home/aclab/Desktop/ROS-VR/catkin_ws/src/can_control/src/ctrl_manual.cpp:48:32:[m[K [01;31m[Kerror: [m[Kâ€˜[01m[KMecanumControl[m[Kâ€™ is not a class, namespace, or enumeration
   48 |                     msg.mode = [01;31m[KMecanumControl[m[K::MODE_IDLE;
      |                                [01;31m[K^~~~~~~~~~~~~~[m[K
[01m[K/home/aclab/Desktop/ROS-VR/catkin_ws/src/can_control/src/ctrl_manual.cpp:50:32:[m[K [01;31m[Kerror: [m[Kâ€˜[01m[KMecanumControl[m[Kâ€™ is not a class, namespace, or enumeration
   50 |                     msg.mode = [01;31m[KMecanumControl[m[K::MODE_CLOSE_LOOP;
      |                                [01;31m[K^~~~~~~~~~~~~~[m[K
[01m[K/home/aclab/Desktop/ROS-VR/catkin_ws/src/can_control/src/ctrl_manual.cpp:52:32:[m[K [01;31m[Kerror: [m[Kâ€˜[01m[KMecanumControl[m[Kâ€™ is not a class, namespace, or enumeration
   52 |                     msg.mode = [01;31m[KMecanumControl[m[K::MODE_CLEAR_ERROR;
      |                                [01;31m[K^~~~~~~~~~~~~~[m[K
[01m[K/home/aclab/Desktop/ROS-VR/catkin_ws/src/can_control/src/drivetrain.cpp:46:25:[m[K [01;31m[Kerror: [m[Kexpected identifier before string constant
   46 |     ros::NodeHandle nh_([01;31m[K"~"[m[K);
      |                         [01;31m[K^~~[m[K
[01m[K/home/aclab/Desktop/ROS-VR/catkin_ws/src/can_control/src/drivetrain.cpp:46:25:[m[K [01;31m[Kerror: [m[Kexpected â€˜[01m[K,[m[Kâ€™ or â€˜[01m[K...[m[Kâ€™ before string constant
[01m[K/home/aclab/Desktop/ROS-VR/catkin_ws/src/can_control/src/drivetrain.cpp:[m[K In constructor â€˜[01m[KDrivetrain::Drivetrain()[m[Kâ€™:
[01m[K/home/aclab/Desktop/ROS-VR/catkin_ws/src/can_control/src/drivetrain.cpp:13:20:[m[K [01;31m[Kerror: [m[Kclass â€˜[01m[KDrivetrain[m[Kâ€™ does not have any field named â€˜[01m[Knh_[m[Kâ€™
   13 |     Drivetrain() : [01;31m[Knh_[m[K("~")
      |                    [01;31m[K^~~[m[K
[01m[K/home/aclab/Desktop/ROS-VR/catkin_ws/src/can_control/src/drivetrain.cpp:27:16:[m[K [01;31m[Kerror: [m[Kinvalid use of member function â€˜[01m[Kros::NodeHandle Drivetrain::nh_(int)[m[Kâ€™ (did you forget the â€˜[01m[K()[m[Kâ€™ ?)
   27 |         sub_ = [01;31m[Knh_[m[K.subscribe("mecanum_cmd", 10, &Drivetrain::onCmd, this);
      |                [01;31m[K^~~[m[K
[01m[K/home/aclab/Desktop/ROS-VR/catkin_ws/src/can_control/src/drivetrain.cpp:28:20:[m[K [01;31m[Kerror: [m[Kinvalid use of member function â€˜[01m[Kros::NodeHandle Drivetrain::nh_(int)[m[Kâ€™ (did you forget the â€˜[01m[K()[m[Kâ€™ ?)
   28 |         pub_enc_ = [01;31m[Knh_[m[K.advertise<can_control::EncoderEstimates>("odrive_encoder", 10);
      |                    [01;31m[K^~~[m[K
make[2]: *** [CMakeFiles/ctrl_manual.dir/build.make:63: CMakeFiles/ctrl_manual.dir/src/ctrl_manual.cpp.o] Error 1
make[1]: *** [CMakeFiles/Makefile2:190: CMakeFiles/ctrl_manual.dir/all] Error 2
make[1]: *** Waiting for unfinished jobs....
make[2]: *** [CMakeFiles/drivetrain.dir/build.make:63: CMakeFiles/drivetrain.dir/src/drivetrain.cpp.o] Error 1
make[1]: *** [CMakeFiles/Makefile2:236: CMakeFiles/drivetrain.dir/all] Error 2
make: *** [Makefile:141: all] Error 2
