[01m[K/home/aclab/Desktop/ROS-VR/catkin_ws/src/can_control/src/main.cpp:[m[K In function â€˜[01m[Kvoid twistMessage(const Twist&)[m[Kâ€™:
[01m[K/home/aclab/Desktop/ROS-VR/catkin_ws/src/can_control/src/main.cpp:78:22:[m[K [01;31m[Kerror: [m[Kâ€˜[01m[Kconst Twist[m[Kâ€™ {aka â€˜[01m[Kconst struct geometry_msgs::Twist_<std::allocator<void> >[m[Kâ€™} has no member named â€˜[01m[Kdata[m[Kâ€™
   78 |     std::cout << msg.[01;31m[Kdata[m[K;
      |                      [01;31m[K^~~~[m[K
make[2]: *** [CMakeFiles/main.dir/build.make:63: CMakeFiles/main.dir/src/main.cpp.o] Error 1
make[1]: *** [CMakeFiles/Makefile2:194: CMakeFiles/main.dir/all] Error 2
make: *** [Makefile:141: all] Error 2
