[  0%] Built target std_msgs_generate_messages_eus
[  0%] Built target std_msgs_generate_messages_nodejs
[  0%] Built target rosgraph_msgs_generate_messages_eus
[  0%] Built target std_msgs_generate_messages_py
[  0%] Built target rosgraph_msgs_generate_messages_cpp
[  0%] Built target roscpp_generate_messages_eus
[  0%] Built target roscpp_generate_messages_nodejs
[  0%] Built target _can_control_generate_messages_check_deps_MecanumControl
[  0%] Built target roscpp_generate_messages_cpp
[  0%] Built target _can_control_generate_messages_check_deps_EncoderEstimates
[  0%] Built target roscpp_generate_messages_py
[  0%] Built target rosgraph_msgs_generate_messages_lisp
[  0%] Built target roscpp_generate_messages_lisp
[  0%] Built target rosgraph_msgs_generate_messages_nodejs
[  0%] Built target std_msgs_generate_messages_lisp
[  0%] Built target std_msgs_generate_messages_cpp
[ 13%] Built target can_control_generate_messages_eus
[ 13%] Built target rosgraph_msgs_generate_messages_py
[ 27%] Built target can_control_generate_messages_py
[ 36%] Built target can_control_generate_messages_nodejs
[ 45%] Built target can_control_generate_messages_lisp
[ 54%] Built target can_control_generate_messages_cpp
[35m[1mScanning dependencies of target main[0m
[ 54%] Built target can_control_generate_messages
[ 63%] Built target ctrl_manual
[ 81%] [32mBuilding CXX object CMakeFiles/main.dir/src/main.cpp.o[0m
[ 86%] Built target drivetrain
[ 95%] Built target ctrl_auto
In file included from [01m[K/opt/ros/noetic/include/ros/ros.h:40[m[K,
                 from [01m[K/home/aclab/Desktop/ROS-VR/catkin_ws/src/can_control/src/main.cpp:1[m[K:
[01m[K/home/aclab/Desktop/ROS-VR/catkin_ws/src/can_control/src/main.cpp:[m[K In function â€˜[01m[Kvoid robotAction(char*)[m[Kâ€™:
[01m[K/home/aclab/Desktop/ROS-VR/catkin_ws/src/can_control/src/main.cpp:57:44:[m[K [01;31m[Kerror: [m[Kâ€˜[01m[Kmsg[m[Kâ€™ was not declared in this scope
   57 |         ROS_WARN("Unknown VR command: %s", [01;31m[Kmsg[m[K->data.c_str());
      |                                            [01;31m[K^~~[m[K
[01m[K/opt/ros/noetic/include/ros/console.h:351:165:[m[K [01;36m[Knote: [m[Kin definition of macro â€˜[01m[KROSCONSOLE_PRINT_AT_LOCATION_WITH_FILTER[m[Kâ€™
  351 |     ::ros::console::print(filter, __rosconsole_define_location__loc.logger_, __rosconsole_define_location__loc.level_, __FILE__, __LINE__, __ROSCONSOLE_FUNCTION__, [01;36m[K__VA_ARGS__[m[K)
      |                                                                                                                                                                     [01;36m[K^~~~~~~~~~~[m[K
[01m[K/opt/ros/noetic/include/ros/console.h:390:7:[m[K [01;36m[Knote: [m[Kin expansion of macro â€˜[01m[KROSCONSOLE_PRINT_AT_LOCATION[m[Kâ€™
  390 |       [01;36m[KROSCONSOLE_PRINT_AT_LOCATION[m[K(__VA_ARGS__); \
      |       [01;36m[K^~~~~~~~~~~~~~~~~~~~~~~~~~~~[m[K
[01m[K/opt/ros/noetic/include/ros/console.h:575:35:[m[K [01;36m[Knote: [m[Kin expansion of macro â€˜[01m[KROS_LOG_COND[m[Kâ€™
  575 | #define ROS_LOG(level, name, ...) [01;36m[KROS_LOG_COND[m[K(true, level, name, __VA_ARGS__)
      |                                   [01;36m[K^~~~~~~~~~~~[m[K
[01m[K/opt/ros/noetic/include/rosconsole/macros_generated.h:162:23:[m[K [01;36m[Knote: [m[Kin expansion of macro â€˜[01m[KROS_LOG[m[Kâ€™
  162 | #define ROS_WARN(...) [01;36m[KROS_LOG[m[K(::ros::console::levels::Warn, ROSCONSOLE_DEFAULT_NAME, __VA_ARGS__)
      |                       [01;36m[K^~~~~~~[m[K
[01m[K/home/aclab/Desktop/ROS-VR/catkin_ws/src/can_control/src/main.cpp:57:9:[m[K [01;36m[Knote: [m[Kin expansion of macro â€˜[01m[KROS_WARN[m[Kâ€™
   57 |         [01;36m[KROS_WARN[m[K("Unknown VR command: %s", msg->data.c_str());
      |         [01;36m[K^~~~~~~~[m[K
[01m[K/home/aclab/Desktop/ROS-VR/catkin_ws/src/can_control/src/main.cpp:66:9:[m[K [01;31m[Kerror: [m[Kâ€˜[01m[Kpub[m[Kâ€™ was not declared in this scope
   66 |         [01;31m[Kpub[m[K.publish(m);
      |         [01;31m[K^~~[m[K
[01m[K/home/aclab/Desktop/ROS-VR/catkin_ws/src/can_control/src/main.cpp:[m[K In function â€˜[01m[Kvoid VRcontrolCallback(const ConstPtr&)[m[Kâ€™:
[01m[K/home/aclab/Desktop/ROS-VR/catkin_ws/src/can_control/src/main.cpp:73:22:[m[K [01;31m[Kerror: [m[Kcannot convert â€˜[01m[Kconst _data_type[m[Kâ€™ {aka â€˜[01m[Kconst std::__cxx11::basic_string<char>[m[Kâ€™} to â€˜[01m[Kchar*[m[Kâ€™
   73 |     robotAction([01;31m[Kmsg->data[m[K);
      |                 [01;31m[K~~~~~^~~~[m[K
      |                      [01;31m[K|[m[K
      |                      [01;31m[Kconst _data_type {aka const std::__cxx11::basic_string<char>}[m[K
[01m[K/home/aclab/Desktop/ROS-VR/catkin_ws/src/can_control/src/main.cpp:54:24:[m[K [01;36m[Knote: [m[K  initializing argument 1 of â€˜[01m[Kvoid robotAction(char*)[m[Kâ€™
   54 | void robotAction([01;36m[Kchar *direction[m[K) {
      |                  [01;36m[K~~~~~~^~~~~~~~~[m[K
make[2]: *** [CMakeFiles/main.dir/build.make:63: CMakeFiles/main.dir/src/main.cpp.o] Error 1
make[1]: *** [CMakeFiles/Makefile2:194: CMakeFiles/main.dir/all] Error 2
make: *** [Makefile:141: all] Error 2
