[  0%] Built target _can_control_generate_messages_check_deps_EncoderEstimates
[  0%] Built target std_msgs_generate_messages_eus
[  0%] Built target std_msgs_generate_messages_py
[  0%] Built target std_msgs_generate_messages_nodejs
[  0%] Built target _can_control_generate_messages_check_deps_MecanumControl
[  0%] Built target rosgraph_msgs_generate_messages_eus
[  0%] Built target rosgraph_msgs_generate_messages_cpp
[  0%] Built target roscpp_generate_messages_nodejs
[  0%] Built target roscpp_generate_messages_eus
[  0%] Built target roscpp_generate_messages_cpp
[  0%] Built target roscpp_generate_messages_py
[  0%] Built target rosgraph_msgs_generate_messages_lisp
[  0%] Built target rosgraph_msgs_generate_messages_nodejs
[  0%] Built target roscpp_generate_messages_lisp
[  0%] Built target std_msgs_generate_messages_lisp
[  0%] Built target std_msgs_generate_messages_cpp
[  0%] Built target rosgraph_msgs_generate_messages_py
[ 16%] Built target can_control_generate_messages_eus
[ 33%] Built target can_control_generate_messages_py
[ 44%] Built target can_control_generate_messages_nodejs
[ 55%] Built target can_control_generate_messages_cpp
[ 66%] Built target can_control_generate_messages_lisp
[35m[1mScanning dependencies of target drivetrain[0m
[35m[1mScanning dependencies of target ctrl_manual[0m
[ 66%] Built target can_control_generate_messages
[ 72%] [32m[1mLinking CXX executable /home/aclab/Desktop/ROS-VR/catkin_ws/devel/.private/can_control/lib/can_control/drivetrain[0m
[ 77%] [32mBuilding CXX object CMakeFiles/ctrl_manual.dir/src/ctrl_manual.cpp.o[0m
/usr/bin/ld: /usr/lib/gcc/x86_64-linux-gnu/9/../../../x86_64-linux-gnu/Scrt1.o: in function `_start':
(.text+0x24): undefined reference to `main'
collect2: error: ld returned 1 exit status
make[2]: *** [CMakeFiles/drivetrain.dir/build.make:131: /home/aclab/Desktop/ROS-VR/catkin_ws/devel/.private/can_control/lib/can_control/drivetrain] Error 1
make[1]: *** [CMakeFiles/Makefile2:236: CMakeFiles/drivetrain.dir/all] Error 2
make[1]: *** Waiting for unfinished jobs....
[ 83%] [32m[1mLinking CXX executable /home/aclab/Desktop/ROS-VR/catkin_ws/devel/.private/can_control/lib/can_control/ctrl_manual[0m
[ 83%] Built target ctrl_manual
make: *** [Makefile:141: all] Error 2
